Flow report for TP1_montre
Fri Mar 17 01:17:53 2017
Quartus II 32-bit Version 13.0.1 Build 232 06/12/2013 Service Pack 1 SJ Web Edition


---------------------
; Table of Contents ;
---------------------
  1. Legal Notice
  2. Flow Summary
  3. Flow Settings
  4. Flow Non-Default Global Settings
  5. Flow Elapsed Time
  6. Flow OS Summary
  7. Flow Log
  8. Flow Messages
  9. Flow Suppressed Messages



----------------
; Legal Notice ;
----------------
Copyright (C) 1991-2013 Altera Corporation
Your use of Altera Corporation's design tools, logic functions 
and other software and tools, and its AMPP partner logic 
functions, and any output files from any of the foregoing 
(including device programming or simulation files), and any 
associated documentation or information are expressly subject 
to the terms and conditions of the Altera Program License 
Subscription Agreement, Altera MegaCore Function License 
Agreement, or other applicable license agreement, including, 
without limitation, that your use is for the sole purpose of 
programming logic devices manufactured by Altera and sold by 
Altera or its authorized distributors.  Please refer to the 
applicable agreement for further details.



+--------------------------------------------------------------------------------------+
; Flow Summary                                                                         ;
+------------------------------------+-------------------------------------------------+
; Flow Status                        ; Successful - Fri Mar 17 01:17:49 2017           ;
; Quartus II 32-bit Version          ; 13.0.1 Build 232 06/12/2013 SP 1 SJ Web Edition ;
; Revision Name                      ; TP1_montre                                      ;
; Top-level Entity Name              ; TP1_montre_top                                  ;
; Family                             ; Cyclone II                                      ;
; Total logic elements               ; 2,820 / 14,448 ( 20 % )                         ;
;     Total combinational functions  ; 2,446 / 14,448 ( 17 % )                         ;
;     Dedicated logic registers      ; 1,826 / 14,448 ( 13 % )                         ;
; Total registers                    ; 1894                                            ;
; Total pins                         ; 213 / 315 ( 68 % )                              ;
; Total virtual pins                 ; 0                                               ;
; Total memory bits                  ; 11,264 / 239,616 ( 5 % )                        ;
; Embedded Multiplier 9-bit elements ; 0 / 52 ( 0 % )                                  ;
; Total PLLs                         ; 1 / 4 ( 25 % )                                  ;
; Device                             ; EP2C15AF484C6                                   ;
; Timing Models                      ; Final                                           ;
+------------------------------------+-------------------------------------------------+


+-----------------------------------------+
; Flow Settings                           ;
+-------------------+---------------------+
; Option            ; Setting             ;
+-------------------+---------------------+
; Start date & time ; 03/17/2017 01:16:12 ;
; Main task         ; Compilation         ;
; Revision Name     ; TP1_montre          ;
+-------------------+---------------------+


+------------------------------------------------------------------------------------------------------------------+
; Flow Non-Default Global Settings                                                                                 ;
+-------------------------------------+------------------------------+---------------+----------------+------------+
; Assignment Name                     ; Value                        ; Default Value ; Entity Name    ; Section Id ;
+-------------------------------------+------------------------------+---------------+----------------+------------+
; COMPILER_SIGNATURE_ID               ; 129777372586.148970977100688 ; --            ; --             ; --         ;
; PARTITION_COLOR                     ; 16764057                     ; --            ; TP1_montre_top ; Top        ;
; PARTITION_FITTER_PRESERVATION_LEVEL ; PLACEMENT_AND_ROUTING        ; --            ; TP1_montre_top ; Top        ;
; PARTITION_NETLIST_TYPE              ; SOURCE                       ; --            ; TP1_montre_top ; Top        ;
; PROJECT_OUTPUT_DIRECTORY            ; output_files                 ; --            ; --             ; --         ;
; TOP_LEVEL_ENTITY                    ; TP1_montre_top               ; TP1_montre    ; --             ; --         ;
+-------------------------------------+------------------------------+---------------+----------------+------------+


+-------------------------------------------------------------------------------------------------------------------------------+
; Flow Elapsed Time                                                                                                             ;
+---------------------------+--------------+-------------------------+---------------------+------------------------------------+
; Module Name               ; Elapsed Time ; Average Processors Used ; Peak Virtual Memory ; Total CPU Time (on all processors) ;
+---------------------------+--------------+-------------------------+---------------------+------------------------------------+
; Analysis & Synthesis      ; 00:00:59     ; 1.0                     ; 409 MB              ; 00:00:43                           ;
; Fitter                    ; 00:00:27     ; 1.0                     ; 445 MB              ; 00:00:21                           ;
; Assembler                 ; 00:00:03     ; 1.0                     ; 329 MB              ; 00:00:03                           ;
; TimeQuest Timing Analyzer ; 00:00:03     ; 1.0                     ; 314 MB              ; 00:00:02                           ;
; Total                     ; 00:01:32     ; --                      ; --                  ; 00:01:09                           ;
+---------------------------+--------------+-------------------------+---------------------+------------------------------------+


+-----------------------------------------------------------------------------------------+
; Flow OS Summary                                                                         ;
+---------------------------+------------------+------------+------------+----------------+
; Module Name               ; Machine Hostname ; OS Name    ; OS Version ; Processor type ;
+---------------------------+------------------+------------+------------+----------------+
; Analysis & Synthesis      ; d021-pc12        ; Windows XP ; 5.1        ; i686           ;
; Fitter                    ; d021-pc12        ; Windows XP ; 5.1        ; i686           ;
; Assembler                 ; d021-pc12        ; Windows XP ; 5.1        ; i686           ;
; TimeQuest Timing Analyzer ; d021-pc12        ; Windows XP ; 5.1        ; i686           ;
+---------------------------+------------------+------------+------------+----------------+


------------
; Flow Log ;
------------
quartus_map --read_settings_files=on --write_settings_files=off TP1_montre -c TP1_montre
quartus_fit --read_settings_files=off --write_settings_files=off TP1_montre -c TP1_montre
quartus_asm --read_settings_files=off --write_settings_files=off TP1_montre -c TP1_montre
quartus_sta TP1_montre -c TP1_montre



